[35m[Appium][39m Available drivers:
[35m[Appium][39m   - xcuitest@4.16.3 (automationName 'XCUITest')
[35m[Appium][39m   - uiautomator2@2.12.0 (automationName 'UiAutomator2')
[35m[Appium][39m No plugins have been installed. Use the "appium plugin" command to install the one(s) you want to use.
[35m[HTTP][39m [37m-->[39m [37mPOST[39m [37m/session[39m
[35m[HTTP][39m [90m{"capabilities":{"alwaysMatch":{"platformName":"Android","appium:platformVersion":"11.0","appium:deviceName":"Pixel 3 Connect","appium:automationName":"UIAutomator2","appium:app":"C:\\Users\\ric-1\\source\\repos\\TestCalculator\\webdriverio-appium\\app\\android\\Calculator_8.3_Apkpure.apk"},"firstMatch":[{}]},"desiredCapabilities":{"platformName":"Android","appium:platformVersion":"11.0","appium:deviceName":"Pixel 3 Connect","appium:automationName":"UIAutomator2","appium:app":"C:\\Users\\ric-1\\source\\repos\\TestCalculator\\webdriverio-appium\\app\\android\\Calculator_8.3_Apkpure.apk"}}[39m
[debug] [35m[AppiumDriver@ffac][39m Calling AppiumDriver.createSession() with args: [{"platformName":"Android","appium:platformVersion":"11.0","appium:deviceName":"Pixel 3 Connect","appium:automationName":"UIAutomator2","appium:app":"C:\\Users\\ric-1\\source\\repos\\TestCalculator\\webdriverio-appium\\app\\android\\Calculator_8.3_Apkpure.apk"},null,{"alwaysMatch":{"platformName":"Android","appium:platformVersion":"11.0","appium:deviceName":"Pixel 3 Connect","appium:automationName":"UIAutomator2","appium:app":"C:\\Users\\ric-1\\source\\repos\\TestCalculator\\webdriverio-appium\\app\\android\\Calculator_8.3_Apkpure.apk"},"firstMatch":[{}]}]
[debug] [35m[AppiumDriver@ffac][39m Event 'newSessionRequested' logged at 1671641106113 (11:45:06 GMT-0500 (hora estándar de Colombia))
[35m[Appium][39m Attempting to find matching driver for automationName 'UIAutomator2' and platformName 'Android'
[35m[Appium][39m The 'uiautomator2' driver was installed and matched caps.
[35m[Appium][39m Will require it at C:\Users\ric-1\source\repos\TestCalculator\webdriverio-appium\node_modules\appium-uiautomator2-driver
[debug] [35m[Appium][39m Requiring driver at C:\Users\ric-1\source\repos\TestCalculator\webdriverio-appium\node_modules\appium-uiautomator2-driver
[35m[AppiumDriver@ffac][39m Appium v2.0.0-beta.27 creating new AndroidUiautomator2Driver (v2.12.0) session
[35m[AppiumDriver@ffac][39m Checking BaseDriver versions for Appium and AndroidUiautomator2Driver
[35m[AppiumDriver@ffac][39m Appium's BaseDriver version is 8.7.3
[35m[AppiumDriver@ffac][39m AndroidUiautomator2Driver's BaseDriver version is 8.7.3
[35m[AppiumDriver@ffac][39m Applying relaxed security to 'AndroidUiautomator2Driver' as per server command line argument. All insecure features will be enabled unless explicitly disabled by --deny-insecure
[debug] [35m[AndroidUiautomator2Driver@641e][39m Creating session with W3C capabilities: {
[debug] [35m[AndroidUiautomator2Driver@641e][39m   "alwaysMatch": {
[debug] [35m[AndroidUiautomator2Driver@641e][39m     "platformName": "Android",
[debug] [35m[AndroidUiautomator2Driver@641e][39m     "appium:platformVersion": "11.0",
[debug] [35m[AndroidUiautomator2Driver@641e][39m     "appium:deviceName": "Pixel 3 Connect",
[debug] [35m[AndroidUiautomator2Driver@641e][39m     "appium:automationName": "UIAutomator2",
[debug] [35m[AndroidUiautomator2Driver@641e][39m     "appium:app": "C:\\Users\\ric-1\\source\\repos\\TestCalculator\\webdriverio-appium\\app\\android\\Calculator_8.3_Apkpure.apk"
[debug] [35m[AndroidUiautomator2Driver@641e][39m   },
[debug] [35m[AndroidUiautomator2Driver@641e][39m   "firstMatch": [
[debug] [35m[AndroidUiautomator2Driver@641e][39m     {}
[debug] [35m[AndroidUiautomator2Driver@641e][39m   ]
[debug] [35m[AndroidUiautomator2Driver@641e][39m }
[35m[AndroidUiautomator2Driver@641e (1be46179)][39m Session created with session id: 1be46179-2401-465e-a011-72d9123f4d5c
[35m[BaseDriver][39m Using local app 'C:\Users\ric-1\source\repos\TestCalculator\webdriverio-appium\app\android\Calculator_8.3_Apkpure.apk'
[debug] [35m[AndroidUiautomator2Driver@641e (1be46179)][39m Checking whether app is actually present
[35m[ADB][39m Found 1 'build-tools' folders under 'C:\Users\ric-1\AppData\Local\Android\Sdk' (newest first):
[35m[ADB][39m     C:/Users/ric-1/AppData/Local/Android/Sdk/build-tools/33.0.1
[35m[ADB][39m Using 'adb.exe' from 'C:\Users\ric-1\AppData\Local\Android\Sdk\platform-tools\adb.exe'
[debug] [35m[ADB][39m Running 'C:\Users\ric-1\AppData\Local\Android\Sdk\platform-tools\adb.exe -P 5037 start-server'
[35m[AndroidDriver][39m Retrieving device list
[debug] [35m[ADB][39m Trying to find a connected android device
[debug] [35m[ADB][39m Getting connected devices
[debug] [35m[ADB][39m Connected devices: [{"udid":"emulator-5554","state":"device"},{"udid":"emulator-5556","state":"device"}]
[35m[AndroidDriver][39m Looking for a device with Android '11.0.0'
[debug] [35m[ADB][39m Setting device id to emulator-5554
[35m[ADB][39m Getting device platform version
[debug] [35m[ADB][39m Running 'C:\Users\ric-1\AppData\Local\Android\Sdk\platform-tools\adb.exe -P 5037 -s emulator-5554 shell getprop ro.build.version.release'
[debug] [35m[ADB][39m Current device property 'ro.build.version.release': 11
[35m[AndroidDriver][39m Using device: emulator-5554
[35m[ADB][39m Using 'adb.exe' from 'C:\Users\ric-1\AppData\Local\Android\Sdk\platform-tools\adb.exe'
[debug] [35m[ADB][39m Running 'C:\Users\ric-1\AppData\Local\Android\Sdk\platform-tools\adb.exe -P 5037 start-server'
[debug] [35m[ADB][39m Setting device id to emulator-5554
[debug] [35m[ADB][39m Running 'C:\Users\ric-1\AppData\Local\Android\Sdk\platform-tools\adb.exe -P 5037 -s emulator-5554 shell getprop ro.build.version.sdk'
[debug] [35m[ADB][39m Current device property 'ro.build.version.sdk': 30
[35m[ADB][39m Getting device platform version
[debug] [35m[ADB][39m Running 'C:\Users\ric-1\AppData\Local\Android\Sdk\platform-tools\adb.exe -P 5037 -s emulator-5554 shell getprop ro.build.version.release'
[debug] [35m[ADB][39m Current device property 'ro.build.version.release': 11
[debug] [35m[ADB][39m Device API level: 30
[35m[AndroidUiautomator2Driver@641e (1be46179)][39m Relaxing hidden api policy
[debug] [35m[ADB][39m Running 'C:\Users\ric-1\AppData\Local\Android\Sdk\platform-tools\adb.exe -P 5037 -s emulator-5554 shell 'settings put global hidden_api_policy_pre_p_apps 1;settings put global hidden_api_policy_p_apps 1;settings put global hidden_api_policy 1''
[debug] [35m[AndroidDriver][39m Parsing package and activity from app manifest
[35m[ADB][39m Package name: 'com.google.android.calculator'
[35m[ADB][39m Main activity name: 'com.android.calculator2.Calculator'
[debug] [35m[AndroidDriver][39m Parsed package and activity are: com.google.android.calculator/com.android.calculator2.Calculator
[debug] [35m[ADB][39m Running 'C:\Users\ric-1\AppData\Local\Android\Sdk\platform-tools\adb.exe -P 5037 -s emulator-5554 wait-for-device'
[debug] [35m[ADB][39m Running 'C:\Users\ric-1\AppData\Local\Android\Sdk\platform-tools\adb.exe -P 5037 -s emulator-5554 shell echo ping'
[debug] [35m[AndroidDriver][39m Pushing settings apk to device...
[debug] [35m[ADB][39m Getting install status for io.appium.settings
[debug] [35m[ADB][39m Running 'C:\Users\ric-1\AppData\Local\Android\Sdk\platform-tools\adb.exe -P 5037 -s emulator-5554 shell dumpsys package io.appium.settings'
[debug] [35m[ADB][39m 'io.appium.settings' is installed
[debug] [35m[ADB][39m Getting package info for 'io.appium.settings'
[debug] [35m[ADB][39m Running 'C:\Users\ric-1\AppData\Local\Android\Sdk\platform-tools\adb.exe -P 5037 -s emulator-5554 shell dumpsys package io.appium.settings'
[debug] [35m[ADB][39m The version name of the installed 'io.appium.settings' is greater or equal to the application version name ('4.2.4' >= '4.2.4')
[debug] [35m[ADB][39m There is no need to install/upgrade 'C:\Users\ric-1\source\repos\TestCalculator\webdriverio-appium\node_modules\appium-uiautomator2-driver\node_modules\io.appium.settings\apks\settings_apk-debug.apk'
[debug] [35m[ADB][39m Getting IDs of all 'io.appium.settings' processes
[debug] [35m[ADB][39m Running 'C:\Users\ric-1\AppData\Local\Android\Sdk\platform-tools\adb.exe -P 5037 -s emulator-5554 shell 'pgrep --help; echo $?''
[debug] [35m[ADB][39m Running 'C:\Users\ric-1\AppData\Local\Android\Sdk\platform-tools\adb.exe -P 5037 -s emulator-5554 shell pgrep -f \(\[\[:blank:\]\]\|\^\)io\.appium\.settings\(\[\[:blank:\]\]\|\$\)'
[debug] [35m[AndroidDriver][39m io.appium.settings is already running. There is no need to reset its permissions.
[debug] [35m[Logcat][39m Starting logs capture with command: C:\\Users\\ric-1\\AppData\\Local\\Android\\Sdk\\platform-tools\\adb.exe -P 5037 -s emulator-5554 logcat -v threadtime
[debug] [35m[AndroidUiautomator2Driver@641e (1be46179)][39m Forwarding UiAutomator2 Server port 6790 to local port 8201
[debug] [35m[ADB][39m Forwarding system: 8201 to device: 6790
[debug] [35m[ADB][39m Running 'C:\Users\ric-1\AppData\Local\Android\Sdk\platform-tools\adb.exe -P 5037 -s emulator-5554 forward tcp:8201 tcp:6790'
[debug] [35m[ADB][39m Getting install status for io.appium.uiautomator2.server
[debug] [35m[ADB][39m Running 'C:\Users\ric-1\AppData\Local\Android\Sdk\platform-tools\adb.exe -P 5037 -s emulator-5554 shell dumpsys package io.appium.uiautomator2.server'
[debug] [35m[ADB][39m 'io.appium.uiautomator2.server' is installed
[debug] [35m[ADB][39m Getting package info for 'io.appium.uiautomator2.server'
[debug] [35m[ADB][39m Running 'C:\Users\ric-1\AppData\Local\Android\Sdk\platform-tools\adb.exe -P 5037 -s emulator-5554 shell dumpsys package io.appium.uiautomator2.server'
[debug] [35m[ADB][39m The version name of the installed 'io.appium.uiautomator2.server' is greater or equal to the application version name ('5.7.5' >= '5.7.5')
[debug] [35m[AndroidUiautomator2Driver@641e (1be46179)][39m io.appium.uiautomator2.server installation state: sameVersionInstalled
[debug] [35m[ADB][39m Checking app cert for C:\Users\ric-1\source\repos\TestCalculator\webdriverio-appium\node_modules\appium-uiautomator2-driver\node_modules\appium-uiautomator2-server\apks\appium-uiautomator2-server-v5.7.5.apk
[35m[ADB][39m Using 'apksigner.jar' from 'C:\Users\ric-1\AppData\Local\Android\Sdk\build-tools\33.0.1\lib\apksigner.jar'
[debug] [35m[ADB][39m Starting apksigner: 'C:\\Program Files\\Eclipse Adoptium\\jdk-11.0.17.8-hotspot\\bin\\java.exe' -Xmx1024M -Xss1m -jar C:\\Users\\ric-1\\AppData\\Local\\Android\\Sdk\\build-tools\\33.0.1\\lib\\apksigner.jar verify --print-certs C:\\Users\\ric-1\\source\\repos\\TestCalculator\\webdriverio-appium\\node_modules\\appium-uiautomator2-driver\\node_modules\\appium-uiautomator2-server\\apks\\appium-uiautomator2-server-v5.7.5.apk
[debug] [35m[ADB][39m apksigner stdout: Signer #1 certificate DN: EMAILADDRESS=android@android.com, CN=Android, OU=Android, O=Android, L=Mountain View, ST=California, C=US

[debug] [35m[ADB][39m Signer #1 certificate SHA-256 digest: a40da80a59d170caa950cf15c18c454d47a39b26989d8b640ecd745ba71bf5dc

[debug] [35m[ADB][39m Signer #1 certificate SHA-1 digest: 61ed377e85d386a8dfee6b864bd85b0bfaa5af81

[debug] [35m[ADB][39m Signer #1 certificate MD5 digest: e89b158e4bcf988ebd09eb83f5378e87

[debug] [35m[ADB][39m 
[debug] [35m[ADB][39m sha256 hash did match for 'appium-uiautomator2-server-v5.7.5.apk'
[35m[ADB][39m 'C:\Users\ric-1\source\repos\TestCalculator\webdriverio-appium\node_modules\appium-uiautomator2-driver\node_modules\appium-uiautomator2-server\apks\appium-uiautomator2-server-v5.7.5.apk' is signed with the default certificate
[debug] [35m[ADB][39m Getting install status for io.appium.uiautomator2.server.test
[debug] [35m[ADB][39m Running 'C:\Users\ric-1\AppData\Local\Android\Sdk\platform-tools\adb.exe -P 5037 -s emulator-5554 shell dumpsys package io.appium.uiautomator2.server.test'
[debug] [35m[ADB][39m 'io.appium.uiautomator2.server.test' is installed
[debug] [35m[ADB][39m Checking app cert for C:\Users\ric-1\source\repos\TestCalculator\webdriverio-appium\node_modules\appium-uiautomator2-driver\node_modules\appium-uiautomator2-server\apks\appium-uiautomator2-server-debug-androidTest.apk
[debug] [35m[ADB][39m Starting apksigner: 'C:\\Program Files\\Eclipse Adoptium\\jdk-11.0.17.8-hotspot\\bin\\java.exe' -Xmx1024M -Xss1m -jar C:\\Users\\ric-1\\AppData\\Local\\Android\\Sdk\\build-tools\\33.0.1\\lib\\apksigner.jar verify --print-certs C:\\Users\\ric-1\\source\\repos\\TestCalculator\\webdriverio-appium\\node_modules\\appium-uiautomator2-driver\\node_modules\\appium-uiautomator2-server\\apks\\appium-uiautomator2-server-debug-androidTest.apk
[debug] [35m[ADB][39m apksigner stdout: Signer #1 certificate DN: EMAILADDRESS=android@android.com, CN=Android, OU=Android, O=Android, L=Mountain View, ST=California, C=US

[debug] [35m[ADB][39m Signer #1 certificate SHA-256 digest: a40da80a59d170caa950cf15c18c454d47a39b26989d8b640ecd745ba71bf5dc

[debug] [35m[ADB][39m Signer #1 certificate SHA-1 digest: 61ed377e85d386a8dfee6b864bd85b0bfaa5af81

[debug] [35m[ADB][39m Signer #1 certificate MD5 digest: e89b158e4bcf988ebd09eb83f5378e87

[debug] [35m[ADB][39m 
[debug] [35m[ADB][39m sha256 hash did match for 'appium-uiautomator2-server-debug-androidTest.apk'
[35m[ADB][39m 'C:\Users\ric-1\source\repos\TestCalculator\webdriverio-appium\node_modules\appium-uiautomator2-driver\node_modules\appium-uiautomator2-server\apks\appium-uiautomator2-server-debug-androidTest.apk' is signed with the default certificate
[35m[AndroidUiautomator2Driver@641e (1be46179)][39m Server packages are not going to be (re)installed
[debug] [35m[AndroidUiautomator2Driver@641e (1be46179)][39m Waiting up to 30000ms for services to be available
[debug] [35m[ADB][39m Running 'C:\Users\ric-1\AppData\Local\Android\Sdk\platform-tools\adb.exe -P 5037 -s emulator-5554 shell pm list instrumentation'
[debug] [35m[AndroidUiautomator2Driver@641e (1be46179)][39m Instrumentation target 'io.appium.uiautomator2.server.test/androidx.test.runner.AndroidJUnitRunner' is available
[35m[ADB][39m Adding packages ["io.appium.settings","io.appium.uiautomator2.server","io.appium.uiautomator2.server.test"] to Doze whitelist
[debug] [35m[ADB][39m Got the following command chunks to execute: [["dumpsys","deviceidle","whitelist","+io.appium.settings",";","dumpsys","deviceidle","whitelist","+io.appium.uiautomator2.server",";","dumpsys","deviceidle","whitelist","+io.appium.uiautomator2.server.test",";"]]
[debug] [35m[ADB][39m Running 'C:\Users\ric-1\AppData\Local\Android\Sdk\platform-tools\adb.exe -P 5037 -s emulator-5554 shell dumpsys deviceidle whitelist +io.appium.settings ; dumpsys deviceidle whitelist +io.appium.uiautomator2.server ; dumpsys deviceidle whitelist +io.appium.uiautomator2.server.test ;'
[debug] [35m[ADB][39m Checking app cert for C:\Users\ric-1\source\repos\TestCalculator\webdriverio-appium\app\android\Calculator_8.3_Apkpure.apk
[debug] [35m[ADB][39m Starting apksigner: 'C:\\Program Files\\Eclipse Adoptium\\jdk-11.0.17.8-hotspot\\bin\\java.exe' -Xmx1024M -Xss1m -jar C:\\Users\\ric-1\\AppData\\Local\\Android\\Sdk\\build-tools\\33.0.1\\lib\\apksigner.jar verify --print-certs C:\\Users\\ric-1\\source\\repos\\TestCalculator\\webdriverio-appium\\app\\android\\Calculator_8.3_Apkpure.apk
[debug] [35m[ADB][39m apksigner stdout: Signer (minSdkVersion=33, maxSdkVersion=2147483647) certificate DN: CN=Android, OU=Android, O=Google Inc., L=Mountain View, ST=California, C=US

[debug] [35m[ADB][39m Signer (minSdkVersion=33, maxSdkVersion=2147483647) certificate SHA-256 digest: f130f9f844b4e3cc57754b1bf8f3c32e896e1441cae030b3616ab4d1efd9f263

[debug] [35m[ADB][39m Signer (minSdkVersion=33, maxSdkVersion=2147483647) certificate SHA-1 digest: 54991f5734dcb29b5280bfdaa2af87c54f5098be

[debug] [35m[ADB][39m Signer (minSdkVersion=33, maxSdkVersion=2147483647) certificate MD5 digest: 3a589f2afbc902c7ba3c151124b5e471

[debug] [35m[ADB][39m Signer (minSdkVersion=24, maxSdkVersion=32) certificate DN: CN=calculator_google, OU=Android, O=Google Inc., L=Mountain View, ST=California, C=US

[debug] [35m[ADB][39m Signer (minSdkVersion=24, maxSdkVersion=32) certificate SHA-256 digest: 90e8b84c91ae47530018af7fc35a943716fc8d2271f03548a1833be0166e2066

[debug] [35m[ADB][39m Signer (minSdkVersion=24, maxSdkVersion=32) certificate SHA-1 digest: af24b7f3eff9d97ae6d8a84664e0e98888636110

[debug] [35m[ADB][39m Signer (minSdkVersion=24, maxSdkVersion=32) certificate MD5 digest: b9620ff646b8fa4b575bce9937d188b8

[debug] [35m[ADB][39m Source Stamp Signer certificate DN: CN=Android, OU=Android, O=Google Inc., L=Mountain View, ST=California, C=US

[debug] [35m[ADB][39m Source Stamp Signer certificate SHA-256 digest: 3257d599a49d2c961a471ca9843f59d341a405884583fc087df4237b733bbd6d

[debug] [35m[ADB][39m Source Stamp Signer certificate SHA-1 digest: b1af3a0bf998aeede1a8716a539e5a59da1d86d6

[debug] [35m[ADB][39m Source Stamp Signer certificate MD5 digest: 577b8a9fbc7e308321aec6411169d2fb

[debug] [35m[ADB][39m 
[35m[ADB][39m 'C:\Users\ric-1\source\repos\TestCalculator\webdriverio-appium\app\android\Calculator_8.3_Apkpure.apk' is signed with a non-default certificate
[debug] [35m[ADB][39m Getting install status for com.google.android.calculator
[debug] [35m[ADB][39m Running 'C:\Users\ric-1\AppData\Local\Android\Sdk\platform-tools\adb.exe -P 5037 -s emulator-5554 shell dumpsys package com.google.android.calculator'
[debug] [35m[ADB][39m 'com.google.android.calculator' is installed
[debug] [35m[ADB][39m Getting package info for 'com.google.android.calculator'
[debug] [35m[ADB][39m Running 'C:\Users\ric-1\AppData\Local\Android\Sdk\platform-tools\adb.exe -P 5037 -s emulator-5554 shell dumpsys package com.google.android.calculator'
[debug] [35m[ADB][39m The version name of the installed 'com.google.android.calculator' is greater or equal to the application version name ('8.3.0' >= '8.3.0')
[debug] [35m[ADB][39m There is no need to install/upgrade 'C:\Users\ric-1\source\repos\TestCalculator\webdriverio-appium\app\android\Calculator_8.3_Apkpure.apk'
[35m[AndroidDriver][39m Performing fast reset on 'com.google.android.calculator'
[debug] [35m[ADB][39m Getting install status for com.google.android.calculator
[debug] [35m[ADB][39m Running 'C:\Users\ric-1\AppData\Local\Android\Sdk\platform-tools\adb.exe -P 5037 -s emulator-5554 shell dumpsys package com.google.android.calculator'
[debug] [35m[ADB][39m 'com.google.android.calculator' is installed
[debug] [35m[ADB][39m Running 'C:\Users\ric-1\AppData\Local\Android\Sdk\platform-tools\adb.exe -P 5037 -s emulator-5554 shell am force-stop com.google.android.calculator'
[debug] [35m[ADB][39m Running 'C:\Users\ric-1\AppData\Local\Android\Sdk\platform-tools\adb.exe -P 5037 -s emulator-5554 shell pm clear com.google.android.calculator'
[debug] [35m[AndroidDriver][39m Performed fast reset on the installed 'com.google.android.calculator' application (stop and clear)
[debug] [35m[AndroidUiautomator2Driver@641e (1be46179)][39m Performing shallow cleanup of automation leftovers
[debug] [35m[AndroidUiautomator2Driver@641e (1be46179)][39m No obsolete sessions have been detected (socket hang up)
[debug] [35m[ADB][39m Running 'C:\Users\ric-1\AppData\Local\Android\Sdk\platform-tools\adb.exe -P 5037 -s emulator-5554 shell am force-stop io.appium.uiautomator2.server.test'
[35m[AndroidUiautomator2Driver@641e (1be46179)][39m Starting UIAutomator2 server 5.7.5
[35m[AndroidUiautomator2Driver@641e (1be46179)][39m Using UIAutomator2 server from 'C:\Users\ric-1\source\repos\TestCalculator\webdriverio-appium\node_modules\appium-uiautomator2-driver\node_modules\appium-uiautomator2-server\apks\appium-uiautomator2-server-v5.7.5.apk' and test from 'C:\Users\ric-1\source\repos\TestCalculator\webdriverio-appium\node_modules\appium-uiautomator2-driver\node_modules\appium-uiautomator2-server\apks\appium-uiautomator2-server-debug-androidTest.apk'
[35m[AndroidUiautomator2Driver@641e (1be46179)][39m Waiting up to 30000ms for UiAutomator2 to be online...
[debug] [35m[ADB][39m Creating ADB subprocess with args: ["-P",5037,"-s","emulator-5554","shell","am","instrument","-w","-e","disableAnalytics",true,"io.appium.uiautomator2.server.test/androidx.test.runner.AndroidJUnitRunner"]
[debug] [35m[AndroidUiautomator2Driver@641e (1be46179)][39m Matched '/status' to command name 'getStatus'
[debug] [35m[AndroidUiautomator2Driver@641e (1be46179)][39m Proxying [GET /status] to [GET http://127.0.0.1:8201/status] with no body
[35m[AndroidUiautomator2Driver@641e (1be46179)][39m socket hang up
[debug] [35m[Instrumentation][39m io.appium.uiautomator2.server.test.AppiumUiAutomator2Server:
[debug] [35m[AndroidUiautomator2Driver@641e (1be46179)][39m Matched '/status' to command name 'getStatus'
[debug] [35m[AndroidUiautomator2Driver@641e (1be46179)][39m Proxying [GET /status] to [GET http://127.0.0.1:8201/status] with no body
[35m[AndroidUiautomator2Driver@641e (1be46179)][39m socket hang up
[debug] [35m[AndroidUiautomator2Driver@641e (1be46179)][39m Matched '/status' to command name 'getStatus'
[debug] [35m[AndroidUiautomator2Driver@641e (1be46179)][39m Proxying [GET /status] to [GET http://127.0.0.1:8201/status] with no body
[debug] [35m[AndroidUiautomator2Driver@641e (1be46179)][39m Got response with status 200: {"sessionId":"None","value":{"message":"UiAutomator2 Server is ready to accept commands","ready":true}}
[debug] [35m[AndroidUiautomator2Driver@641e (1be46179)][39m The initialization of the instrumentation process took 2190ms
[debug] [35m[AndroidUiautomator2Driver@641e (1be46179)][39m Matched '/session' to command name 'createSession'
[debug] [35m[AndroidUiautomator2Driver@641e (1be46179)][39m Proxying [POST /session] to [POST http://127.0.0.1:8201/session] with body: {"capabilities":{"firstMatch":[{"platform":"LINUX","webStorageEnabled":false,"takesScreenshot":true,"javascriptEnabled":true,"databaseEnabled":false,"networkConnectionEnabled":true,"locationContextEnabled":false,"warnings":{},"desired":{"platformName":"Android","platformVersion":"11.0","deviceName":"Pixel 3 Connect","automationName":"UIAutomator2","app":"C:\\Users\\ric-1\\source\\repos\\TestCalculator\\webdriverio-appium\\app\\android\\Calculator_8.3_Apkpure.apk"},"platformName":"Android","platformVersion":"11.0","deviceName":"emulator-5554","automationName":"UIAutomator2","app":"C:\\Users\\ric-1\\source\\repos\\TestCalculator\\webdriverio-appium\\app\\android\\Calculator_8.3_Apkpure.apk","deviceUDID":"emulator-5554","appPackage":"com.google.android.calculator"}],"alwaysMatch":{}}}
[debug] [35m[AndroidUiautomator2Driver@641e (1be46179)][39m Got response with status 200: {"sessionId":"81d51db4-bb6c-4a26-a9a6-d054a63441bf","value":{"capabilities":{"firstMatch":[{"platform":"LINUX","webStorageEnabled":false,"takesScreenshot":true,"javascriptEnabled":true,"databaseEnabled":false,"networkConnectionEnabled":true,"locationContextEnabled":false,"warnings":{},"desired":{"platformName":"Android","platformVersion":"11.0","deviceName":"Pixel 3 Connect","automationName":"UIAutomator2","app":"C:\\Users\\ric-1\\source\\repos\\TestCalculator\\webdriverio-appium\\app\\android\\Calculator_8.3_Apkpure.apk"},"platformName":"Android","platformVersion":"11.0","deviceName":"emulator-5554","automationName":"UIAutomator2","app":"C:\\Users\\ric-1\\source\\repos\\TestCalculator\\webdriverio-appium\\app\\android\\Calculator_8.3_Apkpure.apk","deviceUDID":"emulator-5554","appPackage":"com.google.android.calculator"}],"alwaysMatch":{}},"sessionId":"81d51db4-bb6c-4a26-a9a6-d054a63441bf"}}
[35m[AndroidUiautomator2Driver@641e (1be46179)][39m Determined the downstream protocol as 'W3C'
[debug] [35m[AndroidUiautomator2Driver@641e (1be46179)][39m Proxying [GET /appium/device/info] to [GET http://127.0.0.1:8201/session/81d51db4-bb6c-4a26-a9a6-d054a63441bf/appium/device/info] with no body
[debug] [35m[AndroidUiautomator2Driver@641e (1be46179)][39m Got response with status 200: {"sessionId":"81d51db4-bb6c-4a26-a9a6-d054a63441bf","value":{"androidId":"1b9fbf898cfc4322","apiVersion":"30","bluetooth":{"state":"ON"},"brand":"google","carrierName":"Android","displayDensity":440,"locale":"en_US","manufacturer":"Google","model":"sdk_gphone_x86","networks":[{"capabilities":{"SSID":null,"linkDownBandwidthKbps":4125,"linkUpstreamBandwidthKbps":12409,"networkCapabilities":"NET_CAPABILITY_NOT_METERED,NET_CAPABILITY_INTERNET,NET_CAPABILITY_NOT_RESTRICTED,NET_CAPABILITY_TRUSTED,NET_CAPABILITY_NOT_VPN,NET_CAPABILITY_VALIDATED,NET_CAPABILITY_NOT_ROAMING,NET_CAPABILITY_FOREGROUND,NET_CAPABILITY_NOT_CONGESTED,NET_CAPABILITY_NOT_SUSPENDED","signalStrength":-30,"transportTypes":"TRANSPORT_WIFI"},"detailedState":"CONNECTED","extraInfo":"","isAvailable":true,"isConnected":true,"isFailover":false,"isRoaming":false,"state":"CONNECTED","subtype":0,"subtypeName":"","type":1,"typeName":"WIFI"},{"capabilities":{"SSID":null,"linkDownBandwidthKbps":30000,"linkUpstreamBandwidthKbps":15000,"networkCapabilities"...
[debug] [35m[ADB][39m Running 'C:\Users\ric-1\AppData\Local\Android\Sdk\platform-tools\adb.exe -P 5037 -s emulator-5554 shell dumpsys window'
[35m[AndroidDriver][39m Screen already unlocked, doing nothing
[35m[AndroidUiautomator2Driver@641e (1be46179)][39m Starting 'com.google.android.calculator/com.android.calculator2.Calculator and waiting for 'com.google.android.calculator/com.android.calculator2.Calculator'
[debug] [35m[ADB][39m Running 'C:\Users\ric-1\AppData\Local\Android\Sdk\platform-tools\adb.exe -P 5037 -s emulator-5554 shell am start -W -n com.google.android.calculator/com.android.calculator2.Calculator -S -a android.intent.action.MAIN -c android.intent.category.LAUNCHER -f 0x10200000'
[debug] [35m[ADB][39m Waiting up to 20000ms for activity matching pkg: 'com.google.android.calculator' and activity: 'com.android.calculator2.Calculator' to be focused
[debug] [35m[ADB][39m Possible activities, to be checked: 'com.android.calculator2.Calculator', 'com.google.android.calculator.com.android.calculator2.Calculator'
[debug] [35m[ADB][39m Getting focused package and activity
[debug] [35m[ADB][39m Running 'C:\Users\ric-1\AppData\Local\Android\Sdk\platform-tools\adb.exe -P 5037 -s emulator-5554 shell dumpsys window displays'
[debug] [35m[ADB][39m Found package: 'com.google.android.calculator' and fully qualified activity name : 'com.android.calculator2.Calculator'
[debug] [35m[AndroidUiautomator2Driver@641e (1be46179)][39m Proxying [GET /appium/device/pixel_ratio] to [GET http://127.0.0.1:8201/session/81d51db4-bb6c-4a26-a9a6-d054a63441bf/appium/device/pixel_ratio] with no body
[debug] [35m[AndroidUiautomator2Driver@641e (1be46179)][39m Got response with status 200: {"sessionId":"81d51db4-bb6c-4a26-a9a6-d054a63441bf","value":2.75}
[debug] [35m[AndroidUiautomator2Driver@641e (1be46179)][39m Matched '/appium/device/system_bars' to command name 'getSystemBars'
[debug] [35m[AndroidUiautomator2Driver@641e (1be46179)][39m Proxying [GET /appium/device/system_bars] to [GET http://127.0.0.1:8201/session/81d51db4-bb6c-4a26-a9a6-d054a63441bf/appium/device/system_bars] with no body
[debug] [35m[AndroidUiautomator2Driver@641e (1be46179)][39m Got response with status 200: {"sessionId":"81d51db4-bb6c-4a26-a9a6-d054a63441bf","value":{"statusBar":66}}
[debug] [35m[AndroidUiautomator2Driver@641e (1be46179)][39m Matched '/window/current/size' to command name 'getWindowSize'
[debug] [35m[AndroidUiautomator2Driver@641e (1be46179)][39m Proxying [GET /window/current/size] to [GET http://127.0.0.1:8201/session/81d51db4-bb6c-4a26-a9a6-d054a63441bf/window/current/size] with no body
[debug] [35m[AndroidUiautomator2Driver@641e (1be46179)][39m Got response with status 200: {"sessionId":"81d51db4-bb6c-4a26-a9a6-d054a63441bf","value":{"height":2028,"width":1080}}
[35m[AppiumDriver@ffac][39m New AndroidUiautomator2Driver session created successfully, session 1be46179-2401-465e-a011-72d9123f4d5c added to master session list
[debug] [35m[AppiumDriver@ffac][39m Event 'newSessionStarted' logged at 1671641113011 (11:45:13 GMT-0500 (hora estándar de Colombia))
[debug] [35m[AndroidUiautomator2Driver@641e (1be46179)][39m Cached the protocol value 'W3C' for the new session 1be46179-2401-465e-a011-72d9123f4d5c
[debug] [35m[AndroidUiautomator2Driver@641e (1be46179)][39m Responding to client with driver.createSession() result: {"capabilities":{"platform":"LINUX","webStorageEnabled":false,"takesScreenshot":true,"javascriptEnabled":true,"databaseEnabled":false,"networkConnectionEnabled":true,"locationContextEnabled":false,"warnings":{},"desired":{"platformName":"Android","platformVersion":"11.0","deviceName":"Pixel 3 Connect","automationName":"UIAutomator2","app":"C:\\Users\\ric-1\\source\\repos\\TestCalculator\\webdriverio-appium\\app\\android\\Calculator_8.3_Apkpure.apk"},"platformName":"Android","platformVersion":"11","deviceName":"emulator-5554","automationName":"UIAutomator2","app":"C:\\Users\\ric-1\\source\\repos\\TestCalculator\\webdriverio-appium\\app\\android\\Calculator_8.3_Apkpure.apk","deviceUDID":"emulator-5554","appPackage":"com.google.android.calculator","deviceApiLevel":30,"deviceScreenSize":"1080x2160","deviceScreenDensity":440,"deviceModel":"sdk_gphone_x86","deviceManufacturer":"Google","pixelRatio":2.75,"statBarHeight":66,"viewportRect":{"left":0,"top":66,"width":1080,"height":1962}}}
[35m[HTTP][39m [37m<-- POST /session [39m[32m200[39m [90m6904 ms - 1054[39m
[35m[HTTP][39m [90m[39m
[35m[HTTP][39m [37m-->[39m [37mPOST[39m [37m/session/1be46179-2401-465e-a011-72d9123f4d5c/element[39m
[35m[HTTP][39m [90m{"using":"accessibility id","value":"2"}[39m
[debug] [35m[AndroidUiautomator2Driver@641e (1be46179)][39m Calling AppiumDriver.findElement() with args: ["accessibility id","2","1be46179-2401-465e-a011-72d9123f4d5c"]
[debug] [35m[AndroidUiautomator2Driver@641e (1be46179)][39m Valid locator strategies for this request: xpath, id, class name, accessibility id, css selector, -android uiautomator
[debug] [35m[AndroidUiautomator2Driver@641e (1be46179)][39m Waiting up to 0 ms for condition
[debug] [35m[AndroidUiautomator2Driver@641e (1be46179)][39m Matched '/element' to command name 'findElement'
[debug] [35m[AndroidUiautomator2Driver@641e (1be46179)][39m Proxying [POST /element] to [POST http://127.0.0.1:8201/session/81d51db4-bb6c-4a26-a9a6-d054a63441bf/element] with body: {"strategy":"accessibility id","selector":"2","context":"","multiple":false}
[debug] [35m[AndroidUiautomator2Driver@641e (1be46179)][39m Got response with status 200: {"sessionId":"81d51db4-bb6c-4a26-a9a6-d054a63441bf","value":{"ELEMENT":"00000000-0000-030d-ffff-ffff00000062","element-6066-11e4-a52e-4f735466cecf":"00000000-0000-030d-ffff-ffff00000062"}}
[debug] [35m[AndroidUiautomator2Driver@641e (1be46179)][39m Responding to client with driver.findElement() result: {"element-6066-11e4-a52e-4f735466cecf":"00000000-0000-030d-ffff-ffff00000062","ELEMENT":"00000000-0000-030d-ffff-ffff00000062"}
[35m[HTTP][39m [37m<-- POST /session/1be46179-2401-465e-a011-72d9123f4d5c/element [39m[32m200[39m [90m822 ms - 137[39m
[35m[HTTP][39m [90m[39m
[35m[HTTP][39m [37m-->[39m [37mPOST[39m [37m/session/1be46179-2401-465e-a011-72d9123f4d5c/element/00000000-0000-030d-ffff-ffff00000062/click[39m
[35m[HTTP][39m [90m{}[39m
[debug] [35m[AndroidUiautomator2Driver@641e (1be46179)][39m Calling AppiumDriver.click() with args: ["00000000-0000-030d-ffff-ffff00000062","1be46179-2401-465e-a011-72d9123f4d5c"]
[debug] [35m[AndroidUiautomator2Driver@641e (1be46179)][39m Matched '/element/00000000-0000-030d-ffff-ffff00000062/click' to command name 'click'
[debug] [35m[AndroidUiautomator2Driver@641e (1be46179)][39m Proxying [POST /element/00000000-0000-030d-ffff-ffff00000062/click] to [POST http://127.0.0.1:8201/session/81d51db4-bb6c-4a26-a9a6-d054a63441bf/element/00000000-0000-030d-ffff-ffff00000062/click] with body: {"element":"00000000-0000-030d-ffff-ffff00000062"}
[debug] [35m[AndroidUiautomator2Driver@641e (1be46179)][39m Got response with status 200: {"sessionId":"81d51db4-bb6c-4a26-a9a6-d054a63441bf","value":null}
[debug] [35m[AndroidUiautomator2Driver@641e (1be46179)][39m Responding to client with driver.click() result: null
[35m[HTTP][39m [37m<-- POST /session/1be46179-2401-465e-a011-72d9123f4d5c/element/00000000-0000-030d-ffff-ffff00000062/click [39m[32m200[39m [90m697 ms - 14[39m
[35m[HTTP][39m [90m[39m
[35m[HTTP][39m [37m-->[39m [37mPOST[39m [37m/session/1be46179-2401-465e-a011-72d9123f4d5c/timeouts/implicit_wait[39m
[35m[HTTP][39m [90m{"ms":2000}[39m
[debug] [35m[AndroidUiautomator2Driver@641e (1be46179)][39m Calling AppiumDriver.implicitWait() with args: [2000,"1be46179-2401-465e-a011-72d9123f4d5c"]
[debug] [35m[AndroidUiautomator2Driver@641e (1be46179)][39m Set implicit wait to 2000ms
[debug] [35m[AndroidUiautomator2Driver@641e (1be46179)][39m Responding to client with driver.implicitWait() result: null
[35m[HTTP][39m [37m<-- POST /session/1be46179-2401-465e-a011-72d9123f4d5c/timeouts/implicit_wait [39m[32m200[39m [90m4 ms - 14[39m
[35m[HTTP][39m [90m[39m
[35m[HTTP][39m [37m-->[39m [37mPOST[39m [37m/session/1be46179-2401-465e-a011-72d9123f4d5c/element[39m
[35m[HTTP][39m [90m{"using":"accessibility id","value":"plus"}[39m
[debug] [35m[AndroidUiautomator2Driver@641e (1be46179)][39m Calling AppiumDriver.findElement() with args: ["accessibility id","plus","1be46179-2401-465e-a011-72d9123f4d5c"]
[debug] [35m[AndroidUiautomator2Driver@641e (1be46179)][39m Valid locator strategies for this request: xpath, id, class name, accessibility id, css selector, -android uiautomator
[debug] [35m[AndroidUiautomator2Driver@641e (1be46179)][39m Waiting up to 2000 ms for condition
[debug] [35m[AndroidUiautomator2Driver@641e (1be46179)][39m Matched '/element' to command name 'findElement'
[debug] [35m[AndroidUiautomator2Driver@641e (1be46179)][39m Proxying [POST /element] to [POST http://127.0.0.1:8201/session/81d51db4-bb6c-4a26-a9a6-d054a63441bf/element] with body: {"strategy":"accessibility id","selector":"plus","context":"","multiple":false}
[debug] [35m[AndroidUiautomator2Driver@641e (1be46179)][39m Got response with status 200: {"sessionId":"81d51db4-bb6c-4a26-a9a6-d054a63441bf","value":{"ELEMENT":"00000000-0000-030d-ffff-ffff00000064","element-6066-11e4-a52e-4f735466cecf":"00000000-0000-030d-ffff-ffff00000064"}}
[debug] [35m[AndroidUiautomator2Driver@641e (1be46179)][39m Responding to client with driver.findElement() result: {"element-6066-11e4-a52e-4f735466cecf":"00000000-0000-030d-ffff-ffff00000064","ELEMENT":"00000000-0000-030d-ffff-ffff00000064"}
[35m[HTTP][39m [37m<-- POST /session/1be46179-2401-465e-a011-72d9123f4d5c/element [39m[32m200[39m [90m25 ms - 137[39m
[35m[HTTP][39m [90m[39m
[35m[HTTP][39m [37m-->[39m [37mPOST[39m [37m/session/1be46179-2401-465e-a011-72d9123f4d5c/element/00000000-0000-030d-ffff-ffff00000064/click[39m
[35m[HTTP][39m [90m{}[39m
[debug] [35m[AndroidUiautomator2Driver@641e (1be46179)][39m Calling AppiumDriver.click() with args: ["00000000-0000-030d-ffff-ffff00000064","1be46179-2401-465e-a011-72d9123f4d5c"]
[debug] [35m[AndroidUiautomator2Driver@641e (1be46179)][39m Matched '/element/00000000-0000-030d-ffff-ffff00000064/click' to command name 'click'
[debug] [35m[AndroidUiautomator2Driver@641e (1be46179)][39m Proxying [POST /element/00000000-0000-030d-ffff-ffff00000064/click] to [POST http://127.0.0.1:8201/session/81d51db4-bb6c-4a26-a9a6-d054a63441bf/element/00000000-0000-030d-ffff-ffff00000064/click] with body: {"element":"00000000-0000-030d-ffff-ffff00000064"}
[debug] [35m[AndroidUiautomator2Driver@641e (1be46179)][39m Got response with status 200: {"sessionId":"81d51db4-bb6c-4a26-a9a6-d054a63441bf","value":null}
[debug] [35m[AndroidUiautomator2Driver@641e (1be46179)][39m Responding to client with driver.click() result: null
[35m[HTTP][39m [37m<-- POST /session/1be46179-2401-465e-a011-72d9123f4d5c/element/00000000-0000-030d-ffff-ffff00000064/click [39m[32m200[39m [90m552 ms - 14[39m
[35m[HTTP][39m [90m[39m
[35m[HTTP][39m [37m-->[39m [37mPOST[39m [37m/session/1be46179-2401-465e-a011-72d9123f4d5c/timeouts/implicit_wait[39m
[35m[HTTP][39m [90m{"ms":2000}[39m
[debug] [35m[AndroidUiautomator2Driver@641e (1be46179)][39m Calling AppiumDriver.implicitWait() with args: [2000,"1be46179-2401-465e-a011-72d9123f4d5c"]
[debug] [35m[AndroidUiautomator2Driver@641e (1be46179)][39m Set implicit wait to 2000ms
[debug] [35m[AndroidUiautomator2Driver@641e (1be46179)][39m Responding to client with driver.implicitWait() result: null
[35m[HTTP][39m [37m<-- POST /session/1be46179-2401-465e-a011-72d9123f4d5c/timeouts/implicit_wait [39m[32m200[39m [90m3 ms - 14[39m
[35m[HTTP][39m [90m[39m
[35m[HTTP][39m [37m-->[39m [37mPOST[39m [37m/session/1be46179-2401-465e-a011-72d9123f4d5c/element[39m
[35m[HTTP][39m [90m{"using":"accessibility id","value":"5"}[39m
[debug] [35m[AndroidUiautomator2Driver@641e (1be46179)][39m Calling AppiumDriver.findElement() with args: ["accessibility id","5","1be46179-2401-465e-a011-72d9123f4d5c"]
[debug] [35m[AndroidUiautomator2Driver@641e (1be46179)][39m Valid locator strategies for this request: xpath, id, class name, accessibility id, css selector, -android uiautomator
[debug] [35m[AndroidUiautomator2Driver@641e (1be46179)][39m Waiting up to 2000 ms for condition
[debug] [35m[AndroidUiautomator2Driver@641e (1be46179)][39m Matched '/element' to command name 'findElement'
[debug] [35m[AndroidUiautomator2Driver@641e (1be46179)][39m Proxying [POST /element] to [POST http://127.0.0.1:8201/session/81d51db4-bb6c-4a26-a9a6-d054a63441bf/element] with body: {"strategy":"accessibility id","selector":"5","context":"","multiple":false}
[debug] [35m[AndroidUiautomator2Driver@641e (1be46179)][39m Got response with status 200: {"sessionId":"81d51db4-bb6c-4a26-a9a6-d054a63441bf","value":{"ELEMENT":"00000000-0000-030d-ffff-ffff0000005e","element-6066-11e4-a52e-4f735466cecf":"00000000-0000-030d-ffff-ffff0000005e"}}
[debug] [35m[AndroidUiautomator2Driver@641e (1be46179)][39m Responding to client with driver.findElement() result: {"element-6066-11e4-a52e-4f735466cecf":"00000000-0000-030d-ffff-ffff0000005e","ELEMENT":"00000000-0000-030d-ffff-ffff0000005e"}
[35m[HTTP][39m [37m<-- POST /session/1be46179-2401-465e-a011-72d9123f4d5c/element [39m[32m200[39m [90m26 ms - 137[39m
[35m[HTTP][39m [90m[39m
[35m[HTTP][39m [37m-->[39m [37mPOST[39m [37m/session/1be46179-2401-465e-a011-72d9123f4d5c/element/00000000-0000-030d-ffff-ffff0000005e/click[39m
[35m[HTTP][39m [90m{}[39m
[debug] [35m[AndroidUiautomator2Driver@641e (1be46179)][39m Calling AppiumDriver.click() with args: ["00000000-0000-030d-ffff-ffff0000005e","1be46179-2401-465e-a011-72d9123f4d5c"]
[debug] [35m[AndroidUiautomator2Driver@641e (1be46179)][39m Matched '/element/00000000-0000-030d-ffff-ffff0000005e/click' to command name 'click'
[debug] [35m[AndroidUiautomator2Driver@641e (1be46179)][39m Proxying [POST /element/00000000-0000-030d-ffff-ffff0000005e/click] to [POST http://127.0.0.1:8201/session/81d51db4-bb6c-4a26-a9a6-d054a63441bf/element/00000000-0000-030d-ffff-ffff0000005e/click] with body: {"element":"00000000-0000-030d-ffff-ffff0000005e"}
[debug] [35m[AndroidUiautomator2Driver@641e (1be46179)][39m Got response with status 200: {"sessionId":"81d51db4-bb6c-4a26-a9a6-d054a63441bf","value":null}
[debug] [35m[AndroidUiautomator2Driver@641e (1be46179)][39m Responding to client with driver.click() result: null
[35m[HTTP][39m [37m<-- POST /session/1be46179-2401-465e-a011-72d9123f4d5c/element/00000000-0000-030d-ffff-ffff0000005e/click [39m[32m200[39m [90m576 ms - 14[39m
[35m[HTTP][39m [90m[39m
[35m[HTTP][39m [37m-->[39m [37mPOST[39m [37m/session/1be46179-2401-465e-a011-72d9123f4d5c/timeouts/implicit_wait[39m
[35m[HTTP][39m [90m{"ms":2000}[39m
[debug] [35m[AndroidUiautomator2Driver@641e (1be46179)][39m Calling AppiumDriver.implicitWait() with args: [2000,"1be46179-2401-465e-a011-72d9123f4d5c"]
[debug] [35m[AndroidUiautomator2Driver@641e (1be46179)][39m Set implicit wait to 2000ms
[debug] [35m[AndroidUiautomator2Driver@641e (1be46179)][39m Responding to client with driver.implicitWait() result: null
[35m[HTTP][39m [37m<-- POST /session/1be46179-2401-465e-a011-72d9123f4d5c/timeouts/implicit_wait [39m[32m200[39m [90m3 ms - 14[39m
[35m[HTTP][39m [90m[39m
[35m[HTTP][39m [37m-->[39m [37mPOST[39m [37m/session/1be46179-2401-465e-a011-72d9123f4d5c/element[39m
[35m[HTTP][39m [90m{"using":"xpath","value":"//android.widget.TextView"}[39m
[debug] [35m[AndroidUiautomator2Driver@641e (1be46179)][39m Calling AppiumDriver.findElement() with args: ["xpath","//android.widget.TextView","1be46179-2401-465e-a011-72d9123f4d5c"]
[debug] [35m[AndroidUiautomator2Driver@641e (1be46179)][39m Valid locator strategies for this request: xpath, id, class name, accessibility id, css selector, -android uiautomator
[debug] [35m[AndroidUiautomator2Driver@641e (1be46179)][39m Waiting up to 2000 ms for condition
[debug] [35m[AndroidUiautomator2Driver@641e (1be46179)][39m Matched '/element' to command name 'findElement'
[debug] [35m[AndroidUiautomator2Driver@641e (1be46179)][39m Proxying [POST /element] to [POST http://127.0.0.1:8201/session/81d51db4-bb6c-4a26-a9a6-d054a63441bf/element] with body: {"strategy":"xpath","selector":"//android.widget.TextView","context":"","multiple":false}
[debug] [35m[AndroidUiautomator2Driver@641e (1be46179)][39m Got response with status 200: {"sessionId":"81d51db4-bb6c-4a26-a9a6-d054a63441bf","value":{"ELEMENT":"00000000-0000-030d-ffff-ffff00000024","element-6066-11e4-a52e-4f735466cecf":"00000000-0000-030d-ffff-ffff00000024"}}
[debug] [35m[AndroidUiautomator2Driver@641e (1be46179)][39m Responding to client with driver.findElement() result: {"element-6066-11e4-a52e-4f735466cecf":"00000000-0000-030d-ffff-ffff00000024","ELEMENT":"00000000-0000-030d-ffff-ffff00000024"}
[35m[HTTP][39m [37m<-- POST /session/1be46179-2401-465e-a011-72d9123f4d5c/element [39m[32m200[39m [90m370 ms - 137[39m
[35m[HTTP][39m [90m[39m
[35m[HTTP][39m [37m-->[39m [37mGET[39m [37m/session/1be46179-2401-465e-a011-72d9123f4d5c/element/00000000-0000-030d-ffff-ffff00000024/text[39m
[35m[HTTP][39m [90m{}[39m
[35m[AndroidUiautomator2Driver@641e (1be46179)][39m Driver proxy active, passing request on via HTTP proxy
[debug] [35m[AndroidUiautomator2Driver@641e (1be46179)][39m Matched '/session/1be46179-2401-465e-a011-72d9123f4d5c/element/00000000-0000-030d-ffff-ffff00000024/text' to command name 'getText'
[debug] [35m[AndroidUiautomator2Driver@641e (1be46179)][39m Proxying [GET /session/1be46179-2401-465e-a011-72d9123f4d5c/element/00000000-0000-030d-ffff-ffff00000024/text] to [GET http://127.0.0.1:8201/session/81d51db4-bb6c-4a26-a9a6-d054a63441bf/element/00000000-0000-030d-ffff-ffff00000024/text] with no body
[debug] [35m[AndroidUiautomator2Driver@641e (1be46179)][39m Got response with status 200: {"sessionId":"81d51db4-bb6c-4a26-a9a6-d054a63441bf","value":"7"}
[35m[AndroidUiautomator2Driver@641e (1be46179)][39m Replacing sessionId 81d51db4-bb6c-4a26-a9a6-d054a63441bf with 1be46179-2401-465e-a011-72d9123f4d5c
[35m[HTTP][39m [37m<-- GET /session/1be46179-2401-465e-a011-72d9123f4d5c/element/00000000-0000-030d-ffff-ffff00000024/text [39m[32m200[39m [90m19 ms - 64[39m
[35m[HTTP][39m [90m[39m
[35m[HTTP][39m [37m-->[39m [37mPOST[39m [37m/session/1be46179-2401-465e-a011-72d9123f4d5c/timeouts/implicit_wait[39m
[35m[HTTP][39m [90m{"ms":2000}[39m
[debug] [35m[AndroidUiautomator2Driver@641e (1be46179)][39m Calling AppiumDriver.implicitWait() with args: [2000,"1be46179-2401-465e-a011-72d9123f4d5c"]
[debug] [35m[AndroidUiautomator2Driver@641e (1be46179)][39m Set implicit wait to 2000ms
[debug] [35m[AndroidUiautomator2Driver@641e (1be46179)][39m Responding to client with driver.implicitWait() result: null
[35m[HTTP][39m [37m<-- POST /session/1be46179-2401-465e-a011-72d9123f4d5c/timeouts/implicit_wait [39m[32m200[39m [90m3 ms - 14[39m
[35m[HTTP][39m [90m[39m
[35m[HTTP][39m [37m-->[39m [37mDELETE[39m [37m/session/1be46179-2401-465e-a011-72d9123f4d5c[39m
[35m[HTTP][39m [90m{}[39m
[debug] [35m[AndroidUiautomator2Driver@641e (1be46179)][39m Calling AppiumDriver.deleteSession() with args: ["1be46179-2401-465e-a011-72d9123f4d5c"]
[debug] [35m[AppiumDriver@ffac][39m Event 'quitSessionRequested' logged at 1671641116228 (11:45:16 GMT-0500 (hora estándar de Colombia))
[35m[AppiumDriver@ffac][39m Removing session 1be46179-2401-465e-a011-72d9123f4d5c from our master session list
[debug] [35m[AndroidUiautomator2Driver@641e (1be46179)][39m Deleting UiAutomator2 session
[debug] [35m[AndroidUiautomator2Driver@641e (1be46179)][39m Deleting UiAutomator2 server session
[debug] [35m[AndroidUiautomator2Driver@641e (1be46179)][39m Matched '/' to command name 'deleteSession'
[debug] [35m[AndroidUiautomator2Driver@641e (1be46179)][39m Proxying [DELETE /] to [DELETE http://127.0.0.1:8201/session/81d51db4-bb6c-4a26-a9a6-d054a63441bf] with no body
[debug] [35m[AndroidUiautomator2Driver@641e (1be46179)][39m Got response with status 200: {"sessionId":"81d51db4-bb6c-4a26-a9a6-d054a63441bf","value":null}
[debug] [35m[ADB][39m Running 'C:\Users\ric-1\AppData\Local\Android\Sdk\platform-tools\adb.exe -P 5037 -s emulator-5554 shell dumpsys activity services io.appium.settings/.recorder.RecorderService'
[debug] [35m[ADB][39m Running 'C:\Users\ric-1\AppData\Local\Android\Sdk\platform-tools\adb.exe -P 5037 -s emulator-5554 shell am force-stop com.google.android.calculator'
[debug] [35m[Logcat][39m Stopping logcat capture
[debug] [35m[ADB][39m Removing forwarded port socket connection: 8201 
[debug] [35m[ADB][39m Running 'C:\Users\ric-1\AppData\Local\Android\Sdk\platform-tools\adb.exe -P 5037 -s emulator-5554 forward --remove tcp:8201'
[35m[AndroidUiautomator2Driver@641e (1be46179)][39m Restoring hidden api policy to the device default configuration
[debug] [35m[ADB][39m Running 'C:\Users\ric-1\AppData\Local\Android\Sdk\platform-tools\adb.exe -P 5037 -s emulator-5554 shell 'settings delete global hidden_api_policy_pre_p_apps;settings delete global hidden_api_policy_p_apps;settings delete global hidden_api_policy''
[debug] [35m[AppiumDriver@ffac][39m Event 'quitSessionFinished' logged at 1671641116511 (11:45:16 GMT-0500 (hora estándar de Colombia))
[debug] [35m[AppiumDriver@ffac][39m Received response: null
[debug] [35m[AppiumDriver@ffac][39m But deleting session, so not returning
[debug] [35m[AppiumDriver@ffac][39m Responding to client with driver.deleteSession() result: null
[35m[HTTP][39m [37m<-- DELETE /session/1be46179-2401-465e-a011-72d9123f4d5c [39m[32m200[39m [90m286 ms - 14[39m
[35m[HTTP][39m [90m[39m
